[0m10:58:43.175351 [debug] [MainThread]: Sending event: {'category': 'dbt', 'action': 'invocation', 'label': 'start', 'context': [<snowplow_tracker.self_describing_json.SelfDescribingJson object at 0x0000022E01EE5940>, <snowplow_tracker.self_describing_json.SelfDescribingJson object at 0x0000022E02EB7ED0>, <snowplow_tracker.self_describing_json.SelfDescribingJson object at 0x0000022E02EB7B10>]}


============================== 10:58:43.178998 | ef445c06-3e6a-42b2-ac80-ff33fbf8c349 ==============================
[0m10:58:43.178998 [info ] [MainThread]: Running with dbt=1.11.7
[0m10:58:43.179621 [debug] [MainThread]: running dbt with arguments {'version_check': 'True', 'no_print': 'None', 'static_parser': 'True', 'warn_error_options': 'WarnErrorOptionsV2(error=[], warn=[], silence=[])', 'target_path': 'None', 'printer_width': '80', 'write_json': 'True', 'empty': 'None', 'log_cache_events': 'False', 'introspect': 'True', 'cache_selected_only': 'False', 'log_format': 'default', 'debug': 'False', 'fail_fast': 'False', 'profiles_dir': 'C:\\Users\\Kowsi Dhina\\.dbt', 'send_anonymous_usage_stats': 'True', 'quiet': 'False', 'warn_error': 'None', 'partial_parse': 'True', 'use_colors': 'True', 'invocation_command': 'dbt init', 'indirect_selection': 'eager', 'use_experimental_parser': 'False', 'log_path': 'logs'}
[0m10:58:43.231249 [info ] [MainThread]: Creating dbt configuration folder at C:\Users\Kowsi Dhina\.dbt
[0m11:03:10.836908 [debug] [MainThread]: Sending event: {'category': 'dbt', 'action': 'invocation', 'label': 'start', 'context': [<snowplow_tracker.self_describing_json.SelfDescribingJson object at 0x000002105A5357F0>, <snowplow_tracker.self_describing_json.SelfDescribingJson object at 0x00000210582F0190>, <snowplow_tracker.self_describing_json.SelfDescribingJson object at 0x000002105C49BB10>]}


============================== 11:03:10.839880 | dc76acdc-5517-49ee-b0f0-902739d139a8 ==============================
[0m11:03:10.839880 [info ] [MainThread]: Running with dbt=1.11.7
[0m11:03:10.840344 [debug] [MainThread]: running dbt with arguments {'static_parser': 'True', 'no_print': 'None', 'version_check': 'True', 'warn_error_options': 'WarnErrorOptionsV2(error=[], warn=[], silence=[])', 'target_path': 'None', 'printer_width': '80', 'write_json': 'True', 'introspect': 'True', 'log_cache_events': 'False', 'empty': 'None', 'cache_selected_only': 'False', 'log_format': 'default', 'debug': 'False', 'fail_fast': 'False', 'profiles_dir': 'C:\\Users\\Kowsi Dhina\\.dbt', 'send_anonymous_usage_stats': 'True', 'quiet': 'False', 'warn_error': 'None', 'partial_parse': 'True', 'indirect_selection': 'eager', 'invocation_command': 'dbt init', 'use_colors': 'True', 'use_experimental_parser': 'False', 'log_path': 'logs'}
[0m11:04:09.357832 [debug] [MainThread]: Starter project path: C:\KowsiDhina\Data Engineer\Project\Additional project\DBT Tutorial\.venv\Lib\site-packages\dbt\include\starter_project
[0m11:04:09.389024 [info ] [MainThread]: 
Your new dbt project "dbt_tutorial" was created!

For more information on how to configure the profiles.yml file,
please consult the dbt documentation here:

  https://docs.getdbt.com/docs/configure-your-profile

One more thing:

Need help? Don't hesitate to reach out to us via GitHub issues or on Slack:

  https://community.getdbt.com/

Happy modeling!

[0m11:04:09.389900 [info ] [MainThread]: Setting up your profile.
[0m11:06:29.121729 [debug] [MainThread]: Spark adapter: Setting pyhive.hive logging to ERROR
[0m11:06:29.122041 [debug] [MainThread]: Spark adapter: Setting thrift.transport logging to ERROR
[0m11:06:29.122240 [debug] [MainThread]: Spark adapter: Setting thrift.protocol logging to ERROR
[0m11:36:52.951552 [debug] [MainThread]: Sending event: {'category': 'dbt', 'action': 'invocation', 'label': 'start', 'context': [<snowplow_tracker.self_describing_json.SelfDescribingJson object at 0x000001846EBD97F0>, <snowplow_tracker.self_describing_json.SelfDescribingJson object at 0x000001846B910190>, <snowplow_tracker.self_describing_json.SelfDescribingJson object at 0x0000018470B87B10>]}


============================== 11:36:52.955793 | 8a62ede7-127f-40dc-aa26-b497479ba054 ==============================
[0m11:36:52.955793 [info ] [MainThread]: Running with dbt=1.11.7
[0m11:36:52.956565 [debug] [MainThread]: running dbt with arguments {'version_check': 'True', 'no_print': 'None', 'static_parser': 'True', 'warn_error_options': 'WarnErrorOptionsV2(error=[], warn=[], silence=[])', 'target_path': 'None', 'printer_width': '80', 'write_json': 'True', 'introspect': 'True', 'log_cache_events': 'False', 'empty': 'None', 'cache_selected_only': 'False', 'log_format': 'default', 'debug': 'False', 'fail_fast': 'False', 'profiles_dir': 'C:\\Users\\Kowsi Dhina\\.dbt', 'send_anonymous_usage_stats': 'True', 'quiet': 'False', 'warn_error': 'None', 'partial_parse': 'True', 'invocation_command': 'dbt init', 'use_colors': 'True', 'indirect_selection': 'eager', 'use_experimental_parser': 'False', 'log_path': 'logs'}
[0m11:37:50.218870 [info ] [MainThread]: A project called dbt_tutorial already exists here.
[0m11:37:50.221770 [debug] [MainThread]: Command `dbt init` succeeded at 11:37:50.221487 after 57.41 seconds
[0m11:37:50.222355 [debug] [MainThread]: Sending event: {'category': 'dbt', 'action': 'invocation', 'label': 'end', 'context': [<snowplow_tracker.self_describing_json.SelfDescribingJson object at 0x0000018470B9AFD0>, <snowplow_tracker.self_describing_json.SelfDescribingJson object at 0x0000018470C42B10>, <snowplow_tracker.self_describing_json.SelfDescribingJson object at 0x00000184709DF9B0>]}
[0m11:37:50.222934 [debug] [MainThread]: Flushing usage events
[0m11:37:50.986863 [debug] [MainThread]: An error was encountered while trying to flush usage events
[0m09:29:37.432097 [debug] [MainThread]: Sending event: {'category': 'dbt', 'action': 'invocation', 'label': 'start', 'context': [<snowplow_tracker.self_describing_json.SelfDescribingJson object at 0x000001675A0596A0>, <snowplow_tracker.self_describing_json.SelfDescribingJson object at 0x0000016756DF0050>, <snowplow_tracker.self_describing_json.SelfDescribingJson object at 0x000001675C097C50>]}


============================== 09:29:37.444856 | e45c8b7b-3663-4207-a357-1d0859ad4c88 ==============================
[0m09:29:37.444856 [info ] [MainThread]: Running with dbt=1.11.7
[0m09:29:37.445505 [debug] [MainThread]: running dbt with arguments {'version_check': 'True', 'no_print': 'None', 'static_parser': 'True', 'warn_error_options': 'WarnErrorOptionsV2(error=[], warn=[], silence=[])', 'target_path': 'None', 'printer_width': '80', 'write_json': 'True', 'introspect': 'True', 'log_cache_events': 'False', 'empty': 'None', 'cache_selected_only': 'False', 'log_format': 'default', 'debug': 'False', 'fail_fast': 'False', 'profiles_dir': 'C:\\Users\\Kowsi Dhina\\.dbt', 'send_anonymous_usage_stats': 'True', 'quiet': 'False', 'warn_error': 'None', 'partial_parse': 'True', 'indirect_selection': 'eager', 'use_colors': 'True', 'invocation_command': 'dbt clean', 'use_experimental_parser': 'False', 'log_path': 'logs'}
[0m09:29:37.446203 [error] [MainThread]: Encountered an error:
Runtime Error
  No dbt_project.yml found at expected path C:\KowsiDhina\Data Engineer\Project\Additional project\DBT Tutorial\dbt_project.yml
  Verify that each entry within packages.yml (and their transitive dependencies) contains a file named dbt_project.yml
  
[0m09:29:37.447310 [debug] [MainThread]: Command `dbt clean` failed at 09:29:37.447156 after 0.11 seconds
[0m09:29:37.447672 [debug] [MainThread]: Sending event: {'category': 'dbt', 'action': 'invocation', 'label': 'end', 'context': [<snowplow_tracker.self_describing_json.SelfDescribingJson object at 0x000001675C099CD0>, <snowplow_tracker.self_describing_json.SelfDescribingJson object at 0x000001675AF0E7B0>, <snowplow_tracker.self_describing_json.SelfDescribingJson object at 0x000001675AE63CE0>]}
[0m09:29:37.448029 [debug] [MainThread]: Flushing usage events
[0m09:29:37.963050 [debug] [MainThread]: An error was encountered while trying to flush usage events
[0m09:31:08.627360 [debug] [MainThread]: Sending event: {'category': 'dbt', 'action': 'invocation', 'label': 'start', 'context': [<snowplow_tracker.self_describing_json.SelfDescribingJson object at 0x00000206389D96A0>, <snowplow_tracker.self_describing_json.SelfDescribingJson object at 0x0000020635720050>, <snowplow_tracker.self_describing_json.SelfDescribingJson object at 0x000002063A997C50>]}


============================== 09:31:08.630646 | a1a09ce8-55cd-4c89-afde-c011e9504073 ==============================
[0m09:31:08.630646 [info ] [MainThread]: Running with dbt=1.11.7
[0m09:31:08.631175 [debug] [MainThread]: running dbt with arguments {'static_parser': 'True', 'no_print': 'None', 'version_check': 'True', 'warn_error_options': 'WarnErrorOptionsV2(error=[], warn=[], silence=[])', 'target_path': 'None', 'printer_width': '80', 'write_json': 'True', 'empty': 'None', 'log_cache_events': 'False', 'introspect': 'True', 'cache_selected_only': 'False', 'fail_fast': 'False', 'debug': 'False', 'log_format': 'default', 'profiles_dir': 'C:\\Users\\Kowsi Dhina\\.dbt', 'send_anonymous_usage_stats': 'True', 'quiet': 'False', 'warn_error': 'None', 'partial_parse': 'True', 'use_colors': 'True', 'indirect_selection': 'eager', 'invocation_command': 'dbt clean', 'use_experimental_parser': 'False', 'log_path': 'logs'}
[0m09:31:08.631660 [error] [MainThread]: Encountered an error:
Runtime Error
  No dbt_project.yml found at expected path C:\KowsiDhina\Data Engineer\Project\Additional project\DBT Tutorial\dbt_project.yml
  Verify that each entry within packages.yml (and their transitive dependencies) contains a file named dbt_project.yml
  
[0m09:31:08.632283 [debug] [MainThread]: Command `dbt clean` failed at 09:31:08.632170 after 0.09 seconds
[0m09:31:08.632524 [debug] [MainThread]: Sending event: {'category': 'dbt', 'action': 'invocation', 'label': 'end', 'context': [<snowplow_tracker.self_describing_json.SelfDescribingJson object at 0x000002063A9A5CD0>, <snowplow_tracker.self_describing_json.SelfDescribingJson object at 0x000002063A88E7B0>, <snowplow_tracker.self_describing_json.SelfDescribingJson object at 0x000002063A7DFCE0>]}
[0m09:31:08.632736 [debug] [MainThread]: Flushing usage events
[0m09:31:09.145055 [debug] [MainThread]: An error was encountered while trying to flush usage events
[0m09:41:14.037064 [debug] [MainThread]: Sending event: {'category': 'dbt', 'action': 'invocation', 'label': 'start', 'context': [<snowplow_tracker.self_describing_json.SelfDescribingJson object at 0x0000022DDBEF96A0>, <snowplow_tracker.self_describing_json.SelfDescribingJson object at 0x0000022DD8C90050>, <snowplow_tracker.self_describing_json.SelfDescribingJson object at 0x0000022DDCEBBC50>]}


============================== 09:41:14.040456 | 612b5cb3-78f4-46ae-bdbb-6ad9d0c65fba ==============================
[0m09:41:14.040456 [info ] [MainThread]: Running with dbt=1.11.7
[0m09:41:14.040960 [debug] [MainThread]: running dbt with arguments {'static_parser': 'True', 'no_print': 'None', 'version_check': 'True', 'target_path': 'None', 'warn_error_options': 'WarnErrorOptionsV2(error=[], warn=[], silence=[])', 'printer_width': '80', 'write_json': 'True', 'introspect': 'True', 'log_cache_events': 'False', 'empty': 'False', 'cache_selected_only': 'False', 'fail_fast': 'False', 'debug': 'False', 'log_format': 'default', 'profiles_dir': 'C:\\Users\\Kowsi Dhina\\.dbt', 'send_anonymous_usage_stats': 'True', 'quiet': 'False', 'warn_error': 'None', 'partial_parse': 'True', 'use_colors': 'True', 'invocation_command': 'dbt run', 'indirect_selection': 'eager', 'use_experimental_parser': 'False', 'log_path': 'logs'}
[0m09:41:14.041326 [error] [MainThread]: Encountered an error:
Runtime Error
  No dbt_project.yml found at expected path C:\KowsiDhina\Data Engineer\Project\Additional project\DBT Tutorial\dbt_project.yml
  Verify that each entry within packages.yml (and their transitive dependencies) contains a file named dbt_project.yml
  
[0m09:41:14.042018 [debug] [MainThread]: Command `dbt run` failed at 09:41:14.041912 after 0.11 seconds
[0m09:41:14.042276 [debug] [MainThread]: Sending event: {'category': 'dbt', 'action': 'invocation', 'label': 'end', 'context': [<snowplow_tracker.self_describing_json.SelfDescribingJson object at 0x0000022DDCEC5CD0>, <snowplow_tracker.self_describing_json.SelfDescribingJson object at 0x0000022DDCDAE690>, <snowplow_tracker.self_describing_json.SelfDescribingJson object at 0x0000022DDCCFFCE0>]}
[0m09:41:14.042556 [debug] [MainThread]: Flushing usage events
[0m09:41:14.552412 [debug] [MainThread]: An error was encountered while trying to flush usage events
